#
# There is insufficient memory for the Java Runtime Environment to continue.
# Native memory allocation (malloc) failed to allocate 1088176 bytes for Chunk::new
# Possible reasons:
#   The system is out of physical RAM or swap space
#   The process is running with CompressedOops enabled, and the Java Heap may be blocking the growth of the native heap
# Possible solutions:
#   Reduce memory load on the system
#   Increase physical memory or swap space
#   Check if swap backing store is full
#   Decrease Java heap size (-Xmx/-Xms)
#   Decrease number of Java threads
#   Decrease Java thread stack sizes (-Xss)
#   Set larger code cache with -XX:ReservedCodeCacheSize=
#   JVM is running with Unscaled Compressed Oops mode in which the Java heap is
#     placed in the first 4GB address space. The Java Heap base address is the
#     maximum limit for the native heap growth. Please use -XX:HeapBaseMinAddress
#     to set the Java Heap base and to place the Java Heap above 4GB virtual address.
# This output file may be truncated or incomplete.
#
#  Out of Memory Error (arena.cpp:184), pid=548, tid=5764
#
# JRE version: Java(TM) SE Runtime Environment (19.0.2+7) (build 19.0.2+7-44)
# Java VM: Java HotSpot(TM) 64-Bit Server VM (19.0.2+7-44, mixed mode, sharing, tiered, compressed oops, compressed class ptrs, g1 gc, windows-amd64)
# No core dump will be written. Minidumps are not enabled by default on client versions of Windows
#

---------------  S U M M A R Y ------------

Command Line: -javaagent:C:\Users\eric\Documents\IntelliJ IDEA Community Edition 2023.1.2\lib\idea_rt.jar=63521:C:\Users\eric\Documents\IntelliJ IDEA Community Edition 2023.1.2\bin -Dfile.encoding=UTF-8 -Dsun.stdout.encoding=UTF-8 -Dsun.stderr.encoding=UTF-8 system.DemoApplication

Host: Intel(R) Core(TM) i3-2328M CPU @ 2.20GHz, 4 cores, 5G,  Windows 8.1 , 64 bit Build 9600 (6.3.9600.20778)
Time: Thu Jul 13 01:53:56 2023 Hora oficial do Brasil elapsed time: 287.344990 seconds (0d 0h 4m 47s)

---------------  T H R E A D  ---------------

Current thread (0x000000cae06a9d40):  JavaThread "C2 CompilerThread0" daemon [_thread_in_native, id=5764, stack(0x000000cae5100000,0x000000cae5200000)]


Current CompileTask:
C2: 287345 9944       4       org.springframework.web.servlet.handler.AbstractHandlerMapping::getHandler (221 bytes)

Stack: [0x000000cae5100000,0x000000cae5200000]
Native frames: (J=compiled Java code, j=interpreted, Vv=VM code, C=native code)
V  [jvm.dll+0x6ee21a]
V  [jvm.dll+0x85765e]
V  [jvm.dll+0x85904e]
V  [jvm.dll+0x859703]
V  [jvm.dll+0x28298f]
V  [jvm.dll+0xc9adf]
V  [jvm.dll+0xc9e65]
V  [jvm.dll+0x3bca12]
V  [jvm.dll+0x3860e1]
V  [jvm.dll+0x38555a]
V  [jvm.dll+0x24c3d9]
V  [jvm.dll+0x24b781]
V  [jvm.dll+0x1d6ce1]
V  [jvm.dll+0x25b25a]
V  [jvm.dll+0x2596e8]
V  [jvm.dll+0x807588]
V  [jvm.dll+0x80125a]
V  [jvm.dll+0x6ecf0b]
C  [ucrtbase.DLL+0x214c2]
C  [KERNEL32.DLL+0x1412]
C  [ntdll.dll+0x15504]


---------------  P R O C E S S  ---------------

Threads class SMR info:
_java_thread_list=0x000000cae8502a50, length=32, elements={
0x000000cae0685cf0, 0x000000cae06881c0, 0x000000cae068a260, 0x000000cae068bb10,
0x000000cae068efa0, 0x000000cae06920b0, 0x000000cae06a9d40, 0x000000cae06ce8c0,
0x000000cae069b060, 0x000000cae54dc920, 0x000000cae57af0d0, 0x000000cae57af610,
0x000000cae8b135b0, 0x000000cae8b15ae0, 0x000000cae8b145a0, 0x000000cae8b13060,
0x000000cae8b13b00, 0x000000cae8b14050, 0x000000cae8b15590, 0x000000cae8b14af0,
0x000000cae8b16580, 0x000000cae968fff0, 0x000000cae9691a80, 0x000000cae968eab0,
0x000000cae968f550, 0x000000cae9691fd0, 0x000000cae9690540, 0x000000cae968f000,
0x000000cae9690a90, 0x000000cae968faa0, 0x000000cae9690fe0, 0x000000cae9691530
}

Java Threads: ( => current thread )
  0x000000cae0685cf0 JavaThread "Reference Handler" daemon [_thread_blocked, id=2328, stack(0x000000cae0ae0000,0x000000cae0be0000)]
  0x000000cae06881c0 JavaThread "Finalizer" daemon [_thread_blocked, id=3704, stack(0x000000cae4c00000,0x000000cae4d00000)]
  0x000000cae068a260 JavaThread "Signal Dispatcher" daemon [_thread_blocked, id=6268, stack(0x000000cae4d00000,0x000000cae4e00000)]
  0x000000cae068bb10 JavaThread "Attach Listener" daemon [_thread_blocked, id=6064, stack(0x000000cae4e00000,0x000000cae4f00000)]
  0x000000cae068efa0 JavaThread "Service Thread" daemon [_thread_blocked, id=6008, stack(0x000000cae4f00000,0x000000cae5000000)]
  0x000000cae06920b0 JavaThread "Monitor Deflation Thread" daemon [_thread_blocked, id=5336, stack(0x000000cae5000000,0x000000cae5100000)]
=>0x000000cae06a9d40 JavaThread "C2 CompilerThread0" daemon [_thread_in_native, id=5764, stack(0x000000cae5100000,0x000000cae5200000)]
  0x000000cae06ce8c0 JavaThread "C1 CompilerThread0" daemon [_thread_blocked, id=2616, stack(0x000000cae5200000,0x000000cae5300000)]
  0x000000cae069b060 JavaThread "Sweeper thread" daemon [_thread_blocked, id=2492, stack(0x000000cae5300000,0x000000cae5400000)]
  0x000000cae54dc920 JavaThread "Common-Cleaner" daemon [_thread_blocked, id=2116, stack(0x000000cae5800000,0x000000cae5900000)]
  0x000000cae57af0d0 JavaThread "Monitor Ctrl-Break" daemon [_thread_in_native, id=6532, stack(0x000000cae6200000,0x000000cae6300000)]
  0x000000cae57af610 JavaThread "Notification Thread" daemon [_thread_blocked, id=4024, stack(0x000000cae6300000,0x000000cae6400000)]
  0x000000cae8b135b0 JavaThread "mysql-cj-abandoned-connection-cleanup" daemon [_thread_blocked, id=7016, stack(0x000000cae5900000,0x000000cae5a00000)]
  0x000000cae8b15ae0 JavaThread "HikariPool-1 housekeeper" daemon [_thread_blocked, id=6108, stack(0x000000cae8ba0000,0x000000cae8ca0000)]
  0x000000cae8b145a0 JavaThread "Catalina-utility-1" [_thread_blocked, id=3352, stack(0x000000cae8ea0000,0x000000cae8fa0000)]
  0x000000cae8b13060 JavaThread "Catalina-utility-2" [_thread_blocked, id=4312, stack(0x000000caea2f0000,0x000000caea3f0000)]
  0x000000cae8b13b00 JavaThread "container-0" [_thread_blocked, id=6872, stack(0x000000caea3f0000,0x000000caea4f0000)]
  0x000000cae8b14050 JavaThread "File Watcher" daemon [_thread_blocked, id=2936, stack(0x000000cae8da0000,0x000000cae8ea0000)]
  0x000000cae8b15590 JavaThread "Live Reload Server" daemon [_thread_in_native, id=3136, stack(0x000000caeb5c0000,0x000000caeb6c0000)]
  0x000000cae8b14af0 JavaThread "http-nio-8080-exec-1" daemon [_thread_blocked, id=4744, stack(0x000000caeb4c0000,0x000000caeb5c0000)]
  0x000000cae8b16580 JavaThread "http-nio-8080-exec-2" daemon [_thread_blocked, id=5632, stack(0x000000caeb6c0000,0x000000caeb7c0000)]
  0x000000cae968fff0 JavaThread "http-nio-8080-exec-3" daemon [_thread_blocked, id=3556, stack(0x000000caeb7c0000,0x000000caeb8c0000)]
  0x000000cae9691a80 JavaThread "http-nio-8080-exec-4" daemon [_thread_blocked, id=5944, stack(0x000000caeb8c0000,0x000000caeb9c0000)]
  0x000000cae968eab0 JavaThread "http-nio-8080-exec-5" daemon [_thread_blocked, id=4372, stack(0x000000caeb9c0000,0x000000caebac0000)]
  0x000000cae968f550 JavaThread "http-nio-8080-exec-6" daemon [_thread_blocked, id=6792, stack(0x000000caebac0000,0x000000caebbc0000)]
  0x000000cae9691fd0 JavaThread "http-nio-8080-exec-7" daemon [_thread_blocked, id=4504, stack(0x000000caebbc0000,0x000000caebcc0000)]
  0x000000cae9690540 JavaThread "http-nio-8080-exec-8" daemon [_thread_blocked, id=6188, stack(0x000000caebcc0000,0x000000caebdc0000)]
  0x000000cae968f000 JavaThread "http-nio-8080-exec-9" daemon [_thread_blocked, id=5824, stack(0x000000caebdc0000,0x000000caebec0000)]
  0x000000cae9690a90 JavaThread "http-nio-8080-exec-10" daemon [_thread_blocked, id=6124, stack(0x000000caebec0000,0x000000caebfc0000)]
  0x000000cae968faa0 JavaThread "http-nio-8080-Poller" daemon [_thread_in_native, id=6460, stack(0x000000caebfc0000,0x000000caec0c0000)]
  0x000000cae9690fe0 JavaThread "http-nio-8080-Acceptor" daemon [_thread_in_native, id=3004, stack(0x000000caec0c0000,0x000000caec1c0000)]
  0x000000cae9691530 JavaThread "DestroyJavaVM" [_thread_blocked, id=3684, stack(0x000000cac2ea0000,0x000000cac2fa0000)]

Other Threads:
  0x000000cae0670de0 VMThread "VM Thread" [stack: 0x000000cae08f0000,0x000000cae09f0000] [id=5792]
  0x000000cae57febe0 WatcherThread "VM Periodic Task Thread" [stack: 0x000000cae6400000,0x000000cae6500000] [id=3212]
  0x000000cac385d380 WorkerThread "GC Thread#0" [stack: 0x000000cac3600000,0x000000cac3700000] [id=6984]
  0x000000cae5dbc6f0 WorkerThread "GC Thread#1" [stack: 0x000000cae6600000,0x000000cae6700000] [id=5724]
  0x000000cae5d33080 WorkerThread "GC Thread#2" [stack: 0x000000cae6700000,0x000000cae6800000] [id=6784]
  0x000000cae5db8960 WorkerThread "GC Thread#3" [stack: 0x000000cae6800000,0x000000cae6900000] [id=6416]
  0x000000cac3869ec0 ConcurrentGCThread "G1 Main Marker" [stack: 0x000000caddeb0000,0x000000caddfb0000] [id=2412]
  0x000000cac386b4b0 WorkerThread "G1 Conc#0" [stack: 0x000000caddfb0000,0x000000cade0b0000] [id=1092]
  0x000000cae0529500 ConcurrentGCThread "G1 Refine#0" [stack: 0x000000cae06f0000,0x000000cae07f0000] [id=5876]
  0x000000cae052bb70 ConcurrentGCThread "G1 Service" [stack: 0x000000cae07f0000,0x000000cae08f0000] [id=1520]

Threads with active compile tasks:
C2 CompilerThread0   287391 9944       4       org.springframework.web.servlet.handler.AbstractHandlerMapping::getHandler (221 bytes)

VM state: not at safepoint (normal execution)

VM Mutex/Monitor currently owned by a thread: None

Heap address: 0x00000000a2e00000, size: 1490 MB, Compressed Oops mode: 32-bit

CDS archive(s) mapped at: [0x0000000800000000-0x0000000800c40000-0x0000000800c40000), size 12845056, SharedBaseAddress: 0x0000000800000000, ArchiveRelocationMode: 0.
Compressed class space mapped at: 0x0000000801000000-0x0000000841000000, reserved size: 1073741824
Narrow klass base: 0x0000000800000000, Narrow klass shift: 0, Narrow klass range: 0x100000000

GC Precious Log:
 CardTable entry size: 512
 Card Set container configuration: InlinePtr #cards 5 size 8 Array Of Cards #cards 12 size 40 Howl #buckets 4 coarsen threshold 1843 Howl Bitmap #cards 512 size 80 coarsen threshold 460 Card regions per heap region 1 cards per card region 2048
 CPUs: 4 total, 4 available
 Memory: 5957M
 Large Page Support: Disabled
 NUMA Support: Disabled
 Compressed Oops: Enabled (32-bit)
 Heap Region Size: 1M
 Heap Min Capacity: 8M
 Heap Initial Capacity: 94M
 Heap Max Capacity: 1490M
 Pre-touch: Disabled
 Parallel Workers: 4
 Concurrent Workers: 1
 Concurrent Refinement Workers: 4
 Periodic GC: Disabled

Heap:
 garbage-first heap   total 136192K, used 90689K [0x00000000a2e00000, 0x0000000100000000)
  region size 1024K, 60 young (61440K), 1 survivors (1024K)
 Metaspace       used 74141K, committed 74880K, reserved 1114112K
  class space    used 9544K, committed 9920K, reserved 1048576K

Heap Regions: E=young(eden), S=young(survivor), O=old, HS=humongous(starts), HC=humongous(continues), CS=collection set, F=free, OA=open archive, CA=closed archive, TAMS=top-at-mark-start (previous, next)
|   0|0x00000000a2e00000, 0x00000000a2f00000, 0x00000000a2f00000|100%|HS|  |TAMS 0x00000000a2f00000, 0x00000000a2e00000| Complete 
|   1|0x00000000a2f00000, 0x00000000a3000000, 0x00000000a3000000|100%| O|  |TAMS 0x00000000a3000000, 0x00000000a2f00000| Untracked 
|   2|0x00000000a3000000, 0x00000000a3100000, 0x00000000a3100000|100%| O|  |TAMS 0x00000000a3100000, 0x00000000a3000000| Untracked 
|   3|0x00000000a3100000, 0x00000000a3200000, 0x00000000a3200000|100%| O|  |TAMS 0x00000000a3200000, 0x00000000a3100000| Untracked 
|   4|0x00000000a3200000, 0x00000000a3300000, 0x00000000a3300000|100%| O|  |TAMS 0x00000000a3300000, 0x00000000a3200000| Untracked 
|   5|0x00000000a3300000, 0x00000000a3400000, 0x00000000a3400000|100%| O|  |TAMS 0x00000000a3400000, 0x00000000a3300000| Untracked 
|   6|0x00000000a3400000, 0x00000000a3500000, 0x00000000a3500000|100%| O|  |TAMS 0x00000000a3500000, 0x00000000a3400000| Untracked 
|   7|0x00000000a3500000, 0x00000000a3600000, 0x00000000a3600000|100%| O|  |TAMS 0x00000000a3600000, 0x00000000a3500000| Untracked 
|   8|0x00000000a3600000, 0x00000000a3700000, 0x00000000a3700000|100%| O|  |TAMS 0x00000000a3700000, 0x00000000a3600000| Untracked 
|   9|0x00000000a3700000, 0x00000000a3800000, 0x00000000a3800000|100%| O|  |TAMS 0x00000000a3800000, 0x00000000a3700000| Untracked 
|  10|0x00000000a3800000, 0x00000000a3900000, 0x00000000a3900000|100%| O|  |TAMS 0x00000000a3900000, 0x00000000a3800000| Untracked 
|  11|0x00000000a3900000, 0x00000000a3a00000, 0x00000000a3a00000|100%| O|  |TAMS 0x00000000a3a00000, 0x00000000a3900000| Untracked 
|  12|0x00000000a3a00000, 0x00000000a3a00000, 0x00000000a3b00000|  0%| F|  |TAMS 0x00000000a3a00000, 0x00000000a3a00000| Untracked 
|  13|0x00000000a3b00000, 0x00000000a3c00000, 0x00000000a3c00000|100%| O|  |TAMS 0x00000000a3c00000, 0x00000000a3b00000| Untracked 
|  14|0x00000000a3c00000, 0x00000000a3d00000, 0x00000000a3d00000|100%| O|  |TAMS 0x00000000a3d00000, 0x00000000a3c00000| Untracked 
|  15|0x00000000a3d00000, 0x00000000a3e00000, 0x00000000a3e00000|100%| O|  |TAMS 0x00000000a3e00000, 0x00000000a3d00000| Untracked 
|  16|0x00000000a3e00000, 0x00000000a3f00000, 0x00000000a3f00000|100%| O|  |TAMS 0x00000000a3f00000, 0x00000000a3e00000| Untracked 
|  17|0x00000000a3f00000, 0x00000000a4000000, 0x00000000a4000000|100%| O|  |TAMS 0x00000000a4000000, 0x00000000a3f00000| Untracked 
|  18|0x00000000a4000000, 0x00000000a4100000, 0x00000000a4100000|100%| O|  |TAMS 0x00000000a4100000, 0x00000000a4000000| Untracked 
|  19|0x00000000a4100000, 0x00000000a4200000, 0x00000000a4200000|100%| O|  |TAMS 0x00000000a4200000, 0x00000000a4100000| Untracked 
|  20|0x00000000a4200000, 0x00000000a4300000, 0x00000000a4300000|100%| O|  |TAMS 0x00000000a4300000, 0x00000000a4200000| Untracked 
|  21|0x00000000a4300000, 0x00000000a4400000, 0x00000000a4400000|100%| O|  |TAMS 0x00000000a4400000, 0x00000000a4300000| Untracked 
|  22|0x00000000a4400000, 0x00000000a4500000, 0x00000000a4500000|100%| O|  |TAMS 0x00000000a4500000, 0x00000000a4400000| Untracked 
|  23|0x00000000a4500000, 0x00000000a4600000, 0x00000000a4600000|100%| O|  |TAMS 0x00000000a4600000, 0x00000000a4500000| Untracked 
|  24|0x00000000a4600000, 0x00000000a4700000, 0x00000000a4700000|100%| O|  |TAMS 0x00000000a4700000, 0x00000000a4600000| Untracked 
|  25|0x00000000a4700000, 0x00000000a4800000, 0x00000000a4800000|100%| O|  |TAMS 0x00000000a4800000, 0x00000000a4700000| Untracked 
|  26|0x00000000a4800000, 0x00000000a4900000, 0x00000000a4900000|100%| O|  |TAMS 0x00000000a4900000, 0x00000000a4800000| Untracked 
|  27|0x00000000a4900000, 0x00000000a4a00000, 0x00000000a4a00000|100%| O|  |TAMS 0x00000000a4a00000, 0x00000000a4900000| Untracked 
|  28|0x00000000a4a00000, 0x00000000a4b00000, 0x00000000a4b00000|100%| O|  |TAMS 0x00000000a4a18c00, 0x00000000a4a00000| Untracked 
|  29|0x00000000a4b00000, 0x00000000a4c00000, 0x00000000a4c00000|100%| O|  |TAMS 0x00000000a4b00000, 0x00000000a4b00000| Untracked 
|  30|0x00000000a4c00000, 0x00000000a4d00000, 0x00000000a4d00000|100%| O|  |TAMS 0x00000000a4c00000, 0x00000000a4c00000| Untracked 
|  31|0x00000000a4d00000, 0x00000000a4d2c200, 0x00000000a4e00000| 17%| O|  |TAMS 0x00000000a4d00000, 0x00000000a4d00000| Untracked 
|  32|0x00000000a4e00000, 0x00000000a4e00000, 0x00000000a4f00000|  0%| F|  |TAMS 0x00000000a4e00000, 0x00000000a4e00000| Untracked 
|  33|0x00000000a4f00000, 0x00000000a4f00000, 0x00000000a5000000|  0%| F|  |TAMS 0x00000000a4f00000, 0x00000000a4f00000| Untracked 
|  34|0x00000000a5000000, 0x00000000a5000000, 0x00000000a5100000|  0%| F|  |TAMS 0x00000000a5000000, 0x00000000a5000000| Untracked 
|  35|0x00000000a5100000, 0x00000000a5100000, 0x00000000a5200000|  0%| F|  |TAMS 0x00000000a5100000, 0x00000000a5100000| Untracked 
|  36|0x00000000a5200000, 0x00000000a5200000, 0x00000000a5300000|  0%| F|  |TAMS 0x00000000a5200000, 0x00000000a5200000| Untracked 
|  37|0x00000000a5300000, 0x00000000a5300000, 0x00000000a5400000|  0%| F|  |TAMS 0x00000000a5300000, 0x00000000a5300000| Untracked 
|  38|0x00000000a5400000, 0x00000000a5400000, 0x00000000a5500000|  0%| F|  |TAMS 0x00000000a5400000, 0x00000000a5400000| Untracked 
|  39|0x00000000a5500000, 0x00000000a5500000, 0x00000000a5600000|  0%| F|  |TAMS 0x00000000a5500000, 0x00000000a5500000| Untracked 
|  40|0x00000000a5600000, 0x00000000a5600000, 0x00000000a5700000|  0%| F|  |TAMS 0x00000000a5600000, 0x00000000a5600000| Untracked 
|  41|0x00000000a5700000, 0x00000000a5700000, 0x00000000a5800000|  0%| F|  |TAMS 0x00000000a5700000, 0x00000000a5700000| Untracked 
|  42|0x00000000a5800000, 0x00000000a5800000, 0x00000000a5900000|  0%| F|  |TAMS 0x00000000a5800000, 0x00000000a5800000| Untracked 
|  43|0x00000000a5900000, 0x00000000a5900000, 0x00000000a5a00000|  0%| F|  |TAMS 0x00000000a5900000, 0x00000000a5900000| Untracked 
|  44|0x00000000a5a00000, 0x00000000a5a00000, 0x00000000a5b00000|  0%| F|  |TAMS 0x00000000a5a00000, 0x00000000a5a00000| Untracked 
|  45|0x00000000a5b00000, 0x00000000a5b00000, 0x00000000a5c00000|  0%| F|  |TAMS 0x00000000a5b00000, 0x00000000a5b00000| Untracked 
|  46|0x00000000a5c00000, 0x00000000a5c00000, 0x00000000a5d00000|  0%| F|  |TAMS 0x00000000a5c00000, 0x00000000a5c00000| Untracked 
|  47|0x00000000a5d00000, 0x00000000a5d00000, 0x00000000a5e00000|  0%| F|  |TAMS 0x00000000a5d00000, 0x00000000a5d00000| Untracked 
|  48|0x00000000a5e00000, 0x00000000a5e00000, 0x00000000a5f00000|  0%| F|  |TAMS 0x00000000a5e00000, 0x00000000a5e00000| Untracked 
|  49|0x00000000a5f00000, 0x00000000a5f00000, 0x00000000a6000000|  0%| F|  |TAMS 0x00000000a5f00000, 0x00000000a5f00000| Untracked 
|  50|0x00000000a6000000, 0x00000000a6000000, 0x00000000a6100000|  0%| F|  |TAMS 0x00000000a6000000, 0x00000000a6000000| Untracked 
|  51|0x00000000a6100000, 0x00000000a6100000, 0x00000000a6200000|  0%| F|  |TAMS 0x00000000a6100000, 0x00000000a6100000| Untracked 
|  52|0x00000000a6200000, 0x00000000a6200000, 0x00000000a6300000|  0%| F|  |TAMS 0x00000000a6200000, 0x00000000a6200000| Untracked 
|  53|0x00000000a6300000, 0x00000000a63642a0, 0x00000000a6400000| 39%| S|CS|TAMS 0x00000000a6300000, 0x00000000a6300000| Complete 
|  54|0x00000000a6400000, 0x00000000a6400000, 0x00000000a6500000|  0%| F|  |TAMS 0x00000000a6400000, 0x00000000a6400000| Untracked 
|  55|0x00000000a6500000, 0x00000000a6500000, 0x00000000a6600000|  0%| F|  |TAMS 0x00000000a6500000, 0x00000000a6500000| Untracked 
|  56|0x00000000a6600000, 0x00000000a6600000, 0x00000000a6700000|  0%| F|  |TAMS 0x00000000a6600000, 0x00000000a6600000| Untracked 
|  57|0x00000000a6700000, 0x00000000a6700000, 0x00000000a6800000|  0%| F|  |TAMS 0x00000000a6700000, 0x00000000a6700000| Untracked 
|  58|0x00000000a6800000, 0x00000000a6800000, 0x00000000a6900000|  0%| F|  |TAMS 0x00000000a6800000, 0x00000000a6800000| Untracked 
|  59|0x00000000a6900000, 0x00000000a6900000, 0x00000000a6a00000|  0%| F|  |TAMS 0x00000000a6900000, 0x00000000a6900000| Untracked 
|  60|0x00000000a6a00000, 0x00000000a6a00000, 0x00000000a6b00000|  0%| F|  |TAMS 0x00000000a6a00000, 0x00000000a6a00000| Untracked 
|  61|0x00000000a6b00000, 0x00000000a6b00000, 0x00000000a6c00000|  0%| F|  |TAMS 0x00000000a6b00000, 0x00000000a6b00000| Untracked 
|  62|0x00000000a6c00000, 0x00000000a6c00000, 0x00000000a6d00000|  0%| F|  |TAMS 0x00000000a6c00000, 0x00000000a6c00000| Untracked 
|  63|0x00000000a6d00000, 0x00000000a6d00000, 0x00000000a6e00000|  0%| F|  |TAMS 0x00000000a6d00000, 0x00000000a6d00000| Untracked 
|  64|0x00000000a6e00000, 0x00000000a6e00000, 0x00000000a6f00000|  0%| F|  |TAMS 0x00000000a6e00000, 0x00000000a6e00000| Untracked 
|  65|0x00000000a6f00000, 0x00000000a6f00000, 0x00000000a7000000|  0%| F|  |TAMS 0x00000000a6f00000, 0x00000000a6f00000| Untracked 
|  66|0x00000000a7000000, 0x00000000a7000000, 0x00000000a7100000|  0%| F|  |TAMS 0x00000000a7000000, 0x00000000a7000000| Untracked 
|  67|0x00000000a7100000, 0x00000000a7100000, 0x00000000a7200000|  0%| F|  |TAMS 0x00000000a7100000, 0x00000000a7100000| Untracked 
|  68|0x00000000a7200000, 0x00000000a7200000, 0x00000000a7300000|  0%| F|  |TAMS 0x00000000a7200000, 0x00000000a7200000| Untracked 
|  69|0x00000000a7300000, 0x00000000a7300000, 0x00000000a7400000|  0%| F|  |TAMS 0x00000000a7300000, 0x00000000a7300000| Untracked 
|  70|0x00000000a7400000, 0x00000000a7400000, 0x00000000a7500000|  0%| F|  |TAMS 0x00000000a7400000, 0x00000000a7400000| Untracked 
|  71|0x00000000a7500000, 0x00000000a7500000, 0x00000000a7600000|  0%| F|  |TAMS 0x00000000a7500000, 0x00000000a7500000| Untracked 
|  72|0x00000000a7600000, 0x00000000a7600000, 0x00000000a7700000|  0%| F|  |TAMS 0x00000000a7600000, 0x00000000a7600000| Untracked 
|  73|0x00000000a7700000, 0x00000000a7700000, 0x00000000a7800000|  0%| F|  |TAMS 0x00000000a7700000, 0x00000000a7700000| Untracked 
|  74|0x00000000a7800000, 0x00000000a7900000, 0x00000000a7900000|100%| E|  |TAMS 0x00000000a7800000, 0x00000000a7800000| Complete 
|  75|0x00000000a7900000, 0x00000000a7a00000, 0x00000000a7a00000|100%| E|CS|TAMS 0x00000000a7900000, 0x00000000a7900000| Complete 
|  76|0x00000000a7a00000, 0x00000000a7b00000, 0x00000000a7b00000|100%| E|CS|TAMS 0x00000000a7a00000, 0x00000000a7a00000| Complete 
|  77|0x00000000a7b00000, 0x00000000a7c00000, 0x00000000a7c00000|100%| E|CS|TAMS 0x00000000a7b00000, 0x00000000a7b00000| Complete 
|  78|0x00000000a7c00000, 0x00000000a7d00000, 0x00000000a7d00000|100%| E|CS|TAMS 0x00000000a7c00000, 0x00000000a7c00000| Complete 
|  79|0x00000000a7d00000, 0x00000000a7e00000, 0x00000000a7e00000|100%| E|CS|TAMS 0x00000000a7d00000, 0x00000000a7d00000| Complete 
|  80|0x00000000a7e00000, 0x00000000a7f00000, 0x00000000a7f00000|100%| E|CS|TAMS 0x00000000a7e00000, 0x00000000a7e00000| Complete 
|  81|0x00000000a7f00000, 0x00000000a8000000, 0x00000000a8000000|100%| E|CS|TAMS 0x00000000a7f00000, 0x00000000a7f00000| Complete 
|  82|0x00000000a8000000, 0x00000000a8100000, 0x00000000a8100000|100%| E|CS|TAMS 0x00000000a8000000, 0x00000000a8000000| Complete 
|  83|0x00000000a8100000, 0x00000000a8200000, 0x00000000a8200000|100%| E|CS|TAMS 0x00000000a8100000, 0x00000000a8100000| Complete 
|  84|0x00000000a8200000, 0x00000000a8300000, 0x00000000a8300000|100%| E|CS|TAMS 0x00000000a8200000, 0x00000000a8200000| Complete 
|  85|0x00000000a8300000, 0x00000000a8400000, 0x00000000a8400000|100%| E|CS|TAMS 0x00000000a8300000, 0x00000000a8300000| Complete 
|  86|0x00000000a8400000, 0x00000000a8500000, 0x00000000a8500000|100%| E|CS|TAMS 0x00000000a8400000, 0x00000000a8400000| Complete 
|  87|0x00000000a8500000, 0x00000000a8600000, 0x00000000a8600000|100%| E|CS|TAMS 0x00000000a8500000, 0x00000000a8500000| Complete 
|  88|0x00000000a8600000, 0x00000000a8700000, 0x00000000a8700000|100%| E|CS|TAMS 0x00000000a8600000, 0x00000000a8600000| Complete 
|  89|0x00000000a8700000, 0x00000000a8800000, 0x00000000a8800000|100%| E|CS|TAMS 0x00000000a8700000, 0x00000000a8700000| Complete 
|  90|0x00000000a8800000, 0x00000000a8900000, 0x00000000a8900000|100%| E|CS|TAMS 0x00000000a8800000, 0x00000000a8800000| Complete 
|  91|0x00000000a8900000, 0x00000000a8a00000, 0x00000000a8a00000|100%| E|CS|TAMS 0x00000000a8900000, 0x00000000a8900000| Complete 
|  92|0x00000000a8a00000, 0x00000000a8b00000, 0x00000000a8b00000|100%| E|CS|TAMS 0x00000000a8a00000, 0x00000000a8a00000| Complete 
|  93|0x00000000a8b00000, 0x00000000a8c00000, 0x00000000a8c00000|100%| E|CS|TAMS 0x00000000a8b00000, 0x00000000a8b00000| Complete 
|  94|0x00000000a8c00000, 0x00000000a8d00000, 0x00000000a8d00000|100%| E|CS|TAMS 0x00000000a8c00000, 0x00000000a8c00000| Complete 
|  95|0x00000000a8d00000, 0x00000000a8e00000, 0x00000000a8e00000|100%| E|CS|TAMS 0x00000000a8d00000, 0x00000000a8d00000| Complete 
|  96|0x00000000a8e00000, 0x00000000a8f00000, 0x00000000a8f00000|100%| E|CS|TAMS 0x00000000a8e00000, 0x00000000a8e00000| Complete 
|  97|0x00000000a8f00000, 0x00000000a9000000, 0x00000000a9000000|100%| E|CS|TAMS 0x00000000a8f00000, 0x00000000a8f00000| Complete 
|  98|0x00000000a9000000, 0x00000000a9100000, 0x00000000a9100000|100%| E|CS|TAMS 0x00000000a9000000, 0x00000000a9000000| Complete 
|  99|0x00000000a9100000, 0x00000000a9200000, 0x00000000a9200000|100%| E|CS|TAMS 0x00000000a9100000, 0x00000000a9100000| Complete 
| 100|0x00000000a9200000, 0x00000000a9300000, 0x00000000a9300000|100%| E|CS|TAMS 0x00000000a9200000, 0x00000000a9200000| Complete 
| 101|0x00000000a9300000, 0x00000000a9400000, 0x00000000a9400000|100%| E|CS|TAMS 0x00000000a9300000, 0x00000000a9300000| Complete 
| 102|0x00000000a9400000, 0x00000000a9500000, 0x00000000a9500000|100%| E|CS|TAMS 0x00000000a9400000, 0x00000000a9400000| Complete 
| 103|0x00000000a9500000, 0x00000000a9600000, 0x00000000a9600000|100%| E|CS|TAMS 0x00000000a9500000, 0x00000000a9500000| Complete 
| 104|0x00000000a9600000, 0x00000000a9700000, 0x00000000a9700000|100%| E|CS|TAMS 0x00000000a9600000, 0x00000000a9600000| Complete 
| 105|0x00000000a9700000, 0x00000000a9800000, 0x00000000a9800000|100%| E|CS|TAMS 0x00000000a9700000, 0x00000000a9700000| Complete 
| 106|0x00000000a9800000, 0x00000000a9900000, 0x00000000a9900000|100%| E|CS|TAMS 0x00000000a9800000, 0x00000000a9800000| Complete 
| 107|0x00000000a9900000, 0x00000000a9a00000, 0x00000000a9a00000|100%| E|CS|TAMS 0x00000000a9900000, 0x00000000a9900000| Complete 
| 108|0x00000000a9a00000, 0x00000000a9b00000, 0x00000000a9b00000|100%| E|CS|TAMS 0x00000000a9a00000, 0x00000000a9a00000| Complete 
| 109|0x00000000a9b00000, 0x00000000a9c00000, 0x00000000a9c00000|100%| E|CS|TAMS 0x00000000a9b00000, 0x00000000a9b00000| Complete 
| 110|0x00000000a9c00000, 0x00000000a9d00000, 0x00000000a9d00000|100%| E|CS|TAMS 0x00000000a9c00000, 0x00000000a9c00000| Complete 
| 111|0x00000000a9d00000, 0x00000000a9e00000, 0x00000000a9e00000|100%| E|CS|TAMS 0x00000000a9d00000, 0x00000000a9d00000| Complete 
| 112|0x00000000a9e00000, 0x00000000a9f00000, 0x00000000a9f00000|100%| E|CS|TAMS 0x00000000a9e00000, 0x00000000a9e00000| Complete 
| 113|0x00000000a9f00000, 0x00000000aa000000, 0x00000000aa000000|100%| E|CS|TAMS 0x00000000a9f00000, 0x00000000a9f00000| Complete 
| 114|0x00000000aa000000, 0x00000000aa100000, 0x00000000aa100000|100%| E|CS|TAMS 0x00000000aa000000, 0x00000000aa000000| Complete 
| 115|0x00000000aa100000, 0x00000000aa200000, 0x00000000aa200000|100%| E|CS|TAMS 0x00000000aa100000, 0x00000000aa100000| Complete 
| 116|0x00000000aa200000, 0x00000000aa300000, 0x00000000aa300000|100%| E|CS|TAMS 0x00000000aa200000, 0x00000000aa200000| Complete 
| 117|0x00000000aa300000, 0x00000000aa400000, 0x00000000aa400000|100%| E|CS|TAMS 0x00000000aa300000, 0x00000000aa300000| Complete 
| 118|0x00000000aa400000, 0x00000000aa500000, 0x00000000aa500000|100%| E|CS|TAMS 0x00000000aa400000, 0x00000000aa400000| Complete 
| 119|0x00000000aa500000, 0x00000000aa600000, 0x00000000aa600000|100%| E|CS|TAMS 0x00000000aa500000, 0x00000000aa500000| Complete 
| 120|0x00000000aa600000, 0x00000000aa700000, 0x00000000aa700000|100%| E|CS|TAMS 0x00000000aa600000, 0x00000000aa600000| Complete 
| 121|0x00000000aa700000, 0x00000000aa800000, 0x00000000aa800000|100%| E|CS|TAMS 0x00000000aa700000, 0x00000000aa700000| Complete 
| 122|0x00000000aa800000, 0x00000000aa900000, 0x00000000aa900000|100%| E|CS|TAMS 0x00000000aa800000, 0x00000000aa800000| Complete 
| 123|0x00000000aa900000, 0x00000000aaa00000, 0x00000000aaa00000|100%| E|CS|TAMS 0x00000000aa900000, 0x00000000aa900000| Complete 
| 124|0x00000000aaa00000, 0x00000000aab00000, 0x00000000aab00000|100%| E|CS|TAMS 0x00000000aaa00000, 0x00000000aaa00000| Complete 
| 125|0x00000000aab00000, 0x00000000aac00000, 0x00000000aac00000|100%| E|CS|TAMS 0x00000000aab00000, 0x00000000aab00000| Complete 
| 126|0x00000000aac00000, 0x00000000aad00000, 0x00000000aad00000|100%| E|CS|TAMS 0x00000000aac00000, 0x00000000aac00000| Complete 
| 127|0x00000000aad00000, 0x00000000aae00000, 0x00000000aae00000|100%| E|CS|TAMS 0x00000000aad00000, 0x00000000aad00000| Complete 
| 128|0x00000000aae00000, 0x00000000aaf00000, 0x00000000aaf00000|100%| E|CS|TAMS 0x00000000aae00000, 0x00000000aae00000| Complete 
| 129|0x00000000aaf00000, 0x00000000ab000000, 0x00000000ab000000|100%| E|CS|TAMS 0x00000000aaf00000, 0x00000000aaf00000| Complete 
| 130|0x00000000ab000000, 0x00000000ab100000, 0x00000000ab100000|100%| E|CS|TAMS 0x00000000ab000000, 0x00000000ab000000| Complete 
| 131|0x00000000ab100000, 0x00000000ab200000, 0x00000000ab200000|100%| E|CS|TAMS 0x00000000ab100000, 0x00000000ab100000| Complete 
| 132|0x00000000ab200000, 0x00000000ab300000, 0x00000000ab300000|100%| E|CS|TAMS 0x00000000ab200000, 0x00000000ab200000| Complete 

Card table byte_map: [0x000000cadaa30000,0x000000cadad20000] _byte_map_base: 0x000000cada519000

Marking Bits (Prev, Next): (CMBitMap*) 0x000000cac385d9b0, (CMBitMap*) 0x000000cac385d9f0
 Prev Bits: [0x000000cadb010000, 0x000000cadc758000)
 Next Bits: [0x000000cadc760000, 0x000000caddea8000)

Polling page: 0x000000cac1640000

Metaspace:

Usage:
  Non-class:     63.08 MB used.
      Class:      9.32 MB used.
       Both:     72.40 MB used.

Virtual space:
  Non-class space:       64.00 MB reserved,      63.44 MB (>99%) committed,  1 nodes.
      Class space:        1.00 GB reserved,       9.69 MB ( <1%) committed,  1 nodes.
             Both:        1.06 GB reserved,      73.12 MB (  7%) committed. 

Chunk freelists:
   Non-Class:  592.00 KB
       Class:  2.17 MB
        Both:  2.75 MB

MaxMetaspaceSize: unlimited
CompressedClassSpaceSize: 1.00 GB
Initial GC threshold: 21.00 MB
Current GC threshold: 119.19 MB
CDS: on
MetaspaceReclaimPolicy: balanced
 - commit_granule_bytes: 65536.
 - commit_granule_words: 8192.
 - virtual_space_node_default_size: 8388608.
 - enlarge_chunks_in_place: 1.
 - new_chunks_are_fully_committed: 0.
 - uncommit_free_chunks: 1.
 - use_allocation_guard: 0.


Internal statistics:

num_allocs_failed_limit: 9.
num_arena_births: 1070.
num_arena_deaths: 0.
num_vsnodes_births: 2.
num_vsnodes_deaths: 0.
num_space_committed: 1170.
num_space_uncommitted: 0.
num_chunks_returned_to_freelist: 9.
num_chunks_taken_from_freelist: 3804.
num_chunk_merges: 9.
num_chunk_splits: 2768.
num_chunks_enlarged: 2217.
num_inconsistent_stats: 0.

CodeHeap 'non-profiled nmethods': size=120000Kb used=7153Kb max_used=7153Kb free=112846Kb
 bounds [0x000000cad3210000, 0x000000cad3910000, 0x000000cada740000]
CodeHeap 'profiled nmethods': size=120000Kb used=15669Kb max_used=17635Kb free=104330Kb
 bounds [0x000000cacb740000, 0x000000cacc880000, 0x000000cad2c70000]
CodeHeap 'non-nmethods': size=5760Kb used=1460Kb max_used=1509Kb free=4299Kb
 bounds [0x000000cad2c70000, 0x000000cad2ee0000, 0x000000cad3210000]
 total_blobs=9034 nmethods=8307 adapters=637
 compilation: enabled
              stopped_count=0, restarted_count=0
 full_count=0

Compilation events (20 events):
Event: 286.033 Thread 0x000000cae06ce8c0 9937       3       org.springframework.util.ConcurrentLruCache$WriteOperations::drain (41 bytes)
Event: 286.033 Thread 0x000000cae06ce8c0 nmethod 9937 0x000000cacbadc390 code [0x000000cacbadc560, 0x000000cacbadca18]
Event: 286.078 Thread 0x000000cae06a9d40 nmethod 9933 0x000000cad38f0d90 code [0x000000cad38f1000, 0x000000cad38f2610]
Event: 286.078 Thread 0x000000cae06a9d40 9935       4       org.springframework.http.converter.AbstractGenericHttpMessageConverter::write (71 bytes)
Event: 286.229 Thread 0x000000cae06a9d40 nmethod 9935 0x000000cad38f3310 code [0x000000cad38f36c0, 0x000000cad38f54d8]
Event: 286.229 Thread 0x000000cae06a9d40 9938   !   4       org.springframework.web.method.support.InvocableHandlerMethod::doInvoke (166 bytes)
Event: 286.278 Thread 0x000000cae06a9d40 nmethod 9938 0x000000cad38f7590 code [0x000000cad38f78c0, 0x000000cad38f8bc0]
Event: 286.278 Thread 0x000000cae06a9d40 9939       4       org.apache.tomcat.util.buf.ByteChunk::makeSpace (183 bytes)
Event: 286.280 Thread 0x000000cae06a9d40 nmethod 9939 0x000000cad38f9d90 code [0x000000cad38f9f20, 0x000000cad38fa058]
Event: 286.280 Thread 0x000000cae06a9d40 9934       4       java.lang.invoke.LambdaForm$MH/0x00000008019c1800::invoke (42 bytes)
Event: 286.283 Thread 0x000000cae06a9d40 nmethod 9934 0x000000cad38fa190 code [0x000000cad38fa320, 0x000000cad38fa408]
Event: 286.293 Thread 0x000000cae06a9d40 9940       4       org.springframework.web.servlet.support.WebContentGenerator::applyCacheControl (61 bytes)
Event: 286.307 Thread 0x000000cae06a9d40 nmethod 9940 0x000000cad38fa610 code [0x000000cad38fa7a0, 0x000000cad38fa9b8]
Event: 286.308 Thread 0x000000cae06a9d40 9942       4       org.springframework.web.servlet.DispatcherServlet::processDispatchResult (165 bytes)
Event: 286.338 Thread 0x000000cae06a9d40 nmethod 9942 0x000000cad38fae90 code [0x000000cad38fb0c0, 0x000000cad38fba50]
Event: 286.338 Thread 0x000000cae06a9d40 9943   !   4       org.springframework.web.servlet.DispatcherServlet::doDispatch (553 bytes)
Event: 287.179 Thread 0x000000cae06a9d40 nmethod 9943 0x000000cad38fc390 code [0x000000cad38fcb40, 0x000000cad3904058]
Event: 287.180 Thread 0x000000cae06a9d40 9945       4       org.apache.catalina.connector.Response::getHeader (12 bytes)
Event: 287.206 Thread 0x000000cae06a9d40 nmethod 9945 0x000000cad390b590 code [0x000000cad390b780, 0x000000cad390bf70]
Event: 287.207 Thread 0x000000cae06a9d40 9944       4       org.springframework.web.servlet.handler.AbstractHandlerMapping::getHandler (221 bytes)

GC Heap History (20 events):
Event: 14.297 GC heap before
{Heap before GC invocations=19 (full 0):
 garbage-first heap   total 61440K, used 27405K [0x00000000a2e00000, 0x0000000100000000)
  region size 1024K, 4 young (4096K), 3 survivors (3072K)
 Metaspace       used 61331K, committed 61952K, reserved 1114112K
  class space    used 8102K, committed 8384K, reserved 1048576K
}
Event: 14.305 GC heap after
{Heap after GC invocations=20 (full 0):
 garbage-first heap   total 61440K, used 26268K [0x00000000a2e00000, 0x0000000100000000)
  region size 1024K, 1 young (1024K), 1 survivors (1024K)
 Metaspace       used 61331K, committed 61952K, reserved 1114112K
  class space    used 8102K, committed 8384K, reserved 1048576K
}
Event: 14.835 GC heap before
{Heap before GC invocations=20 (full 0):
 garbage-first heap   total 61440K, used 47772K [0x00000000a2e00000, 0x0000000100000000)
  region size 1024K, 23 young (23552K), 1 survivors (1024K)
 Metaspace       used 63842K, committed 64448K, reserved 1114112K
  class space    used 8467K, committed 8768K, reserved 1048576K
}
Event: 14.841 GC heap after
{Heap after GC invocations=21 (full 0):
 garbage-first heap   total 61440K, used 27412K [0x00000000a2e00000, 0x0000000100000000)
  region size 1024K, 2 young (2048K), 2 survivors (2048K)
 Metaspace       used 63842K, committed 64448K, reserved 1114112K
  class space    used 8467K, committed 8768K, reserved 1048576K
}
Event: 15.570 GC heap before
{Heap before GC invocations=21 (full 0):
 garbage-first heap   total 61440K, used 48916K [0x00000000a2e00000, 0x0000000100000000)
  region size 1024K, 23 young (23552K), 2 survivors (2048K)
 Metaspace       used 66544K, committed 67200K, reserved 1114112K
  class space    used 8838K, committed 9152K, reserved 1048576K
}
Event: 15.577 GC heap after
{Heap after GC invocations=22 (full 0):
 garbage-first heap   total 61440K, used 28867K [0x00000000a2e00000, 0x0000000100000000)
  region size 1024K, 3 young (3072K), 3 survivors (3072K)
 Metaspace       used 66544K, committed 67200K, reserved 1114112K
  class space    used 8838K, committed 9152K, reserved 1048576K
}
Event: 18.291 GC heap before
{Heap before GC invocations=22 (full 0):
 garbage-first heap   total 61440K, used 49347K [0x00000000a2e00000, 0x0000000100000000)
  region size 1024K, 23 young (23552K), 3 survivors (3072K)
 Metaspace       used 68108K, committed 68800K, reserved 1114112K
  class space    used 9044K, committed 9344K, reserved 1048576K
}
Event: 18.314 GC heap after
{Heap after GC invocations=23 (full 0):
 garbage-first heap   total 61440K, used 30326K [0x00000000a2e00000, 0x0000000100000000)
  region size 1024K, 2 young (2048K), 2 survivors (2048K)
 Metaspace       used 68108K, committed 68800K, reserved 1114112K
  class space    used 9044K, committed 9344K, reserved 1048576K
}
Event: 71.355 GC heap before
{Heap before GC invocations=23 (full 0):
 garbage-first heap   total 61440K, used 48758K [0x00000000a2e00000, 0x0000000100000000)
  region size 1024K, 21 young (21504K), 2 survivors (2048K)
 Metaspace       used 72447K, committed 73216K, reserved 1114112K
  class space    used 9491K, committed 9856K, reserved 1048576K
}
Event: 71.363 GC heap after
{Heap after GC invocations=24 (full 0):
 garbage-first heap   total 61440K, used 31411K [0x00000000a2e00000, 0x0000000100000000)
  region size 1024K, 3 young (3072K), 3 survivors (3072K)
 Metaspace       used 72447K, committed 73216K, reserved 1114112K
  class space    used 9491K, committed 9856K, reserved 1048576K
}
Event: 74.560 GC heap before
{Heap before GC invocations=25 (full 0):
 garbage-first heap   total 61440K, used 49843K [0x00000000a2e00000, 0x0000000100000000)
  region size 1024K, 21 young (21504K), 3 survivors (3072K)
 Metaspace       used 73562K, committed 74304K, reserved 1114112K
  class space    used 9503K, committed 9856K, reserved 1048576K
}
Event: 74.568 GC heap after
{Heap after GC invocations=26 (full 0):
 garbage-first heap   total 61440K, used 31693K [0x00000000a2e00000, 0x0000000100000000)
  region size 1024K, 2 young (2048K), 2 survivors (2048K)
 Metaspace       used 73562K, committed 74304K, reserved 1114112K
  class space    used 9503K, committed 9856K, reserved 1048576K
}
Event: 74.670 GC heap before
{Heap before GC invocations=26 (full 0):
 garbage-first heap   total 61440K, used 32717K [0x00000000a2e00000, 0x0000000100000000)
  region size 1024K, 3 young (3072K), 2 survivors (2048K)
 Metaspace       used 73562K, committed 74304K, reserved 1114112K
  class space    used 9503K, committed 9856K, reserved 1048576K
}
Event: 74.677 GC heap after
{Heap after GC invocations=27 (full 0):
 garbage-first heap   total 61440K, used 31267K [0x00000000a2e00000, 0x0000000100000000)
  region size 1024K, 1 young (1024K), 1 survivors (1024K)
 Metaspace       used 73562K, committed 74304K, reserved 1114112K
  class space    used 9503K, committed 9856K, reserved 1048576K
}
Event: 86.228 GC heap before
{Heap before GC invocations=27 (full 0):
 garbage-first heap   total 61440K, used 49699K [0x00000000a2e00000, 0x0000000100000000)
  region size 1024K, 19 young (19456K), 1 survivors (1024K)
 Metaspace       used 73786K, committed 74496K, reserved 1114112K
  class space    used 9503K, committed 9856K, reserved 1048576K
}
Event: 86.231 GC heap after
{Heap after GC invocations=28 (full 0):
 garbage-first heap   total 136192K, used 31186K [0x00000000a2e00000, 0x0000000100000000)
  region size 1024K, 1 young (1024K), 1 survivors (1024K)
 Metaspace       used 73786K, committed 74496K, reserved 1114112K
  class space    used 9503K, committed 9856K, reserved 1048576K
}
Event: 221.679 GC heap before
{Heap before GC invocations=28 (full 0):
 garbage-first heap   total 136192K, used 111058K [0x00000000a2e00000, 0x0000000100000000)
  region size 1024K, 79 young (80896K), 1 survivors (1024K)
 Metaspace       used 74125K, committed 74880K, reserved 1114112K
  class space    used 9543K, committed 9920K, reserved 1048576K
}
Event: 221.682 GC heap after
{Heap after GC invocations=29 (full 0):
 garbage-first heap   total 136192K, used 31306K [0x00000000a2e00000, 0x0000000100000000)
  region size 1024K, 1 young (1024K), 1 survivors (1024K)
 Metaspace       used 74125K, committed 74880K, reserved 1114112K
  class space    used 9543K, committed 9920K, reserved 1048576K
}
Event: 280.969 GC heap before
{Heap before GC invocations=29 (full 0):
 garbage-first heap   total 136192K, used 111178K [0x00000000a2e00000, 0x0000000100000000)
  region size 1024K, 79 young (80896K), 1 survivors (1024K)
 Metaspace       used 74134K, committed 74880K, reserved 1114112K
  class space    used 9543K, committed 9920K, reserved 1048576K
}
Event: 280.974 GC heap after
{Heap after GC invocations=30 (full 0):
 garbage-first heap   total 136192K, used 31297K [0x00000000a2e00000, 0x0000000100000000)
  region size 1024K, 1 young (1024K), 1 survivors (1024K)
 Metaspace       used 74134K, committed 74880K, reserved 1114112K
  class space    used 9543K, committed 9920K, reserved 1048576K
}

Dll operation events (14 events):
Event: 0.011 Loaded shared library C:\Program Files\Java\jdk-19\bin\java.dll
Event: 0.031 Loaded shared library C:\Program Files\Java\jdk-19\bin\jsvml.dll
Event: 0.222 Loaded shared library C:\Program Files\Java\jdk-19\bin\zip.dll
Event: 0.227 Loaded shared library C:\Program Files\Java\jdk-19\bin\instrument.dll
Event: 0.239 Loaded shared library C:\Program Files\Java\jdk-19\bin\net.dll
Event: 0.242 Loaded shared library C:\Program Files\Java\jdk-19\bin\nio.dll
Event: 0.249 Loaded shared library C:\Program Files\Java\jdk-19\bin\zip.dll
Event: 0.408 Loaded shared library C:\Users\eric\Documents\IntelliJ IDEA Community Edition 2023.1.2\bin\breakgen64.dll
Event: 0.425 Loaded shared library C:\Program Files\Java\jdk-19\bin\extnet.dll
Event: 0.487 Loaded shared library C:\Program Files\Java\jdk-19\bin\jimage.dll
Event: 1.028 Loaded shared library C:\Program Files\Java\jdk-19\bin\management.dll
Event: 1.032 Loaded shared library C:\Program Files\Java\jdk-19\bin\management_ext.dll
Event: 7.804 Loaded shared library C:\Program Files\Java\jdk-19\bin\sunmscapi.dll
Event: 9.860 Loaded shared library C:\Program Files\Java\jdk-19\bin\verify.dll

Deoptimization events (20 events):
Event: 216.865 Thread 0x000000cae9690540 DEOPT PACKING pc=0x000000cacc49e30d sp=0x000000caebdbeb00
Event: 216.865 Thread 0x000000cae9690540 DEOPT UNPACKING pc=0x000000cad2cd7543 sp=0x000000caebdbdf48 mode 0
Event: 219.496 Thread 0x000000cae8b14af0 DEOPT PACKING pc=0x000000cacc354dab sp=0x000000caeb5bec40
Event: 219.496 Thread 0x000000cae8b14af0 DEOPT UNPACKING pc=0x000000cad2cd7543 sp=0x000000caeb5be0f8 mode 0
Event: 224.955 Thread 0x000000cae8b14af0 DEOPT PACKING pc=0x000000cacc6e6d56 sp=0x000000caeb5be940
Event: 224.955 Thread 0x000000cae8b14af0 DEOPT UNPACKING pc=0x000000cad2cd7543 sp=0x000000caeb5bdd60 mode 0
Event: 226.292 Thread 0x000000cae968f550 DEOPT PACKING pc=0x000000cacc491350 sp=0x000000caebbbeb20
Event: 226.292 Thread 0x000000cae968f550 DEOPT UNPACKING pc=0x000000cad2cd7543 sp=0x000000caebbbdfa0 mode 0
Event: 228.302 Thread 0x000000cae968f550 DEOPT PACKING pc=0x000000cacc5ce418 sp=0x000000caebbbea60
Event: 228.302 Thread 0x000000cae968f550 DEOPT UNPACKING pc=0x000000cad2cd7543 sp=0x000000caebbbde80 mode 0
Event: 281.217 Thread 0x000000cae9691a80 DEOPT PACKING pc=0x000000cacc41f450 sp=0x000000caeb9be720
Event: 281.217 Thread 0x000000cae9691a80 DEOPT UNPACKING pc=0x000000cad2cd7543 sp=0x000000caeb9bdb98 mode 0
Event: 287.315 Thread 0x000000cae968faa0 Uncommon trap: trap_request=0xffffff45 fr.pc=0x000000cad386a4f8 relative=0x0000000000000a38
Event: 287.315 Thread 0x000000cae968faa0 Uncommon trap: reason=unstable_if action=reinterpret pc=0x000000cad386a4f8 method=sun.nio.ch.WEPollSelectorImpl.toReadyOps(I)I @ 5 c2
Event: 287.315 Thread 0x000000cae968faa0 DEOPT PACKING pc=0x000000cad386a4f8 sp=0x000000caec0bf5e0
Event: 287.315 Thread 0x000000cae968faa0 DEOPT UNPACKING pc=0x000000cad2cd6da3 sp=0x000000caec0bf518 mode 2
Event: 287.316 Thread 0x000000cae968fff0 Uncommon trap: trap_request=0xffffffb5 fr.pc=0x000000cad37d7484 relative=0x0000000000002a44
Event: 287.316 Thread 0x000000cae968fff0 Uncommon trap: reason=unloaded action=reinterpret pc=0x000000cad37d7484 method=sun.nio.ch.SocketChannelImpl.read(Ljava/nio/ByteBuffer;)I @ 198 c2
Event: 287.316 Thread 0x000000cae968fff0 DEOPT PACKING pc=0x000000cad37d7484 sp=0x000000caeb8be7c0
Event: 287.316 Thread 0x000000cae968fff0 DEOPT UNPACKING pc=0x000000cad2cd6da3 sp=0x000000caeb8be5a8 mode 2

Classes loaded (20 events):
Event: 46.151 Loading class java/time/format/DateTimeParseContext
Event: 46.151 Loading class java/time/format/DateTimeParseContext done
Event: 46.151 Loading class java/time/format/Parsed
Event: 46.151 Loading class java/time/format/Parsed done
Event: 46.200 Loading class java/util/stream/LongStream
Event: 46.200 Loading class java/util/stream/LongStream done
Event: 46.200 Loading class java/util/stream/DoubleStream
Event: 46.200 Loading class java/util/stream/DoubleStream done
Event: 46.270 Loading class java/math/BigDecimal$StringBuilderHelper
Event: 46.271 Loading class java/math/BigDecimal$StringBuilderHelper done
Event: 57.868 Loading class java/lang/ExceptionInInitializerError
Event: 57.868 Loading class java/lang/ExceptionInInitializerError done
Event: 57.946 Loading class java/util/function/LongSupplier
Event: 57.946 Loading class java/util/function/LongSupplier done
Event: 73.122 Loading class java/util/concurrent/locks/ReentrantReadWriteLock$Sync$HoldCounter
Event: 73.122 Loading class java/util/concurrent/locks/ReentrantReadWriteLock$Sync$HoldCounter done
Event: 84.809 Loading class sun/util/locale/LocaleExtensions
Event: 84.809 Loading class sun/util/locale/LocaleExtensions done
Event: 287.315 Loading class sun/net/ConnectionResetException
Event: 287.315 Loading class sun/net/ConnectionResetException done

Classes unloaded (0 events):
No events

Classes redefined (0 events):
No events

Internal exceptions (20 events):
Event: 45.954 Thread 0x000000cae8b14af0 Exception <a 'java/lang/NoSuchMethodError'{0x00000000a67c7bd8}: 'java.lang.Object java.lang.invoke.DirectMethodHandle$Holder.invokeSpecial(java.lang.Object, java.lang.Object, java.lang.Object, java.lang.Object, java.lang.Object, long)'> (0x00000000a67c7bd8) 
thrown [s\open\src\hotspot\share\interpreter\linkResolver.cpp, line 774]
Event: 45.955 Thread 0x000000cae8b14af0 Exception <a 'java/lang/NoSuchMethodError'{0x00000000a67cb820}: 'java.lang.Object java.lang.invoke.Invokers$Holder.linkToTargetMethod(java.lang.Object, java.lang.Object, java.lang.Object, long, java.lang.Object)'> (0x00000000a67cb820) 
thrown [s\open\src\hotspot\share\interpreter\linkResolver.cpp, line 774]
Event: 57.828 Thread 0x000000cae8b14af0 Exception <a 'java/lang/NoSuchMethodError'{0x00000000a5efe7e8}: 'java.lang.Object java.lang.invoke.DirectMethodHandle$Holder.invokeVirtual(java.lang.Object, java.lang.Object, int, int)'> (0x00000000a5efe7e8) 
thrown [s\open\src\hotspot\share\interpreter\linkResolver.cpp, line 774]
Event: 57.829 Thread 0x000000cae8b14af0 Exception <a 'java/lang/NoSuchMethodError'{0x00000000a5d030b0}: 'java.lang.Object java.lang.invoke.DirectMethodHandle$Holder.invokeSpecial(java.lang.Object, java.lang.Object, java.lang.Object, int, int)'> (0x00000000a5d030b0) 
thrown [s\open\src\hotspot\share\interpreter\linkResolver.cpp, line 774]
Event: 57.875 Thread 0x000000cae8b14af0 Exception <a 'java/lang/NoSuchMethodError'{0x00000000a5d89a08}: 'java.lang.Object java.lang.invoke.Invokers$Holder.invoke_MT(java.lang.Object, java.lang.Object, java.lang.Object, int, java.lang.Object)'> (0x00000000a5d89a08) 
thrown [s\open\src\hotspot\share\interpreter\linkResolver.cpp, line 774]
Event: 57.945 Thread 0x000000cae8b14af0 Exception <a 'java/lang/NoSuchMethodError'{0x00000000a5c73928}: 'void java.lang.invoke.Invokers$Holder.invokeExact_MT(java.lang.Object, java.lang.Object, int, java.lang.Object)'> (0x00000000a5c73928) 
thrown [s\open\src\hotspot\share\interpreter\linkResolver.cpp, line 774]
Event: 57.981 Thread 0x000000cae8b14af0 Exception <a 'java/lang/IncompatibleClassChangeError'{0x00000000a5b03f20}: Found class java.lang.Object, but interface was expected> (0x00000000a5b03f20) 
thrown [s\open\src\hotspot\share\interpreter\linkResolver.cpp, line 841]
Event: 57.995 Thread 0x000000cae8b14af0 Exception <a 'java/lang/IncompatibleClassChangeError'{0x00000000a5b29ab0}: Found class java.lang.Object, but interface was expected> (0x00000000a5b29ab0) 
thrown [s\open\src\hotspot\share\interpreter\linkResolver.cpp, line 841]
Event: 57.995 Thread 0x000000cae8b14af0 Exception <a 'java/lang/IncompatibleClassChangeError'{0x00000000a5b2a810}: Found class java.lang.Object, but interface was expected> (0x00000000a5b2a810) 
thrown [s\open\src\hotspot\share\interpreter\linkResolver.cpp, line 841]
Event: 57.997 Thread 0x000000cae8b14af0 Exception <a 'java/lang/IncompatibleClassChangeError'{0x00000000a5b2dbe0}: Found class java.lang.Object, but interface was expected> (0x00000000a5b2dbe0) 
thrown [s\open\src\hotspot\share\interpreter\linkResolver.cpp, line 841]
Event: 85.508 Thread 0x000000cae968f000 Implicit null exception at 0x000000cad36eb8b3 to 0x000000cad36ec264
Event: 85.650 Thread 0x000000cae9691a80 Implicit null exception at 0x000000cad36ee3bb to 0x000000cad36eeddc
Event: 93.288 Thread 0x000000cae9690540 Implicit null exception at 0x000000cad374491a to 0x000000cad37449ca
Event: 93.291 Thread 0x000000cae9690540 Exception <a 'java/lang/NoSuchMethodError'{0x00000000a8fb7dd0}: 'java.lang.Object java.lang.invoke.DirectMethodHandle$Holder.invokeInterface(java.lang.Object, java.lang.Object, java.lang.Object, java.lang.Object, java.lang.Object)'> (0x00000000a8fb7dd0) 
thrown [s\open\src\hotspot\share\interpreter\linkResolver.cpp, line 774]
Event: 97.743 Thread 0x000000cae968eab0 Exception <a 'java/lang/NoSuchMethodError'{0x00000000a8d4de00}: 'java.lang.Object java.lang.invoke.DirectMethodHandle$Holder.invokeStatic(java.lang.Object, int, java.lang.Object)'> (0x00000000a8d4de00) 
thrown [s\open\src\hotspot\share\interpreter\linkResolver.cpp, line 774]
Event: 97.745 Thread 0x000000cae968eab0 Exception <a 'java/lang/NoSuchMethodError'{0x00000000a8d5f898}: 'void java.lang.invoke.DirectMethodHandle$Holder.invokeSpecial(java.lang.Object, java.lang.Object, java.lang.Object, java.lang.Object, java.lang.Object, java.lang.Object, java.lang.Object, java.lang.Object)'> (0x00000000a8d5f898) 
thrown [s\open\src\hotspot\share\interpreter\linkResolver.cpp, line 774]
Event: 97.754 Thread 0x000000cae968eab0 Implicit null exception at 0x000000cad3758f60 to 0x000000cad3759688
Event: 97.754 Thread 0x000000cae968eab0 Implicit null exception at 0x000000cad35ffd1d to 0x000000cad36009e8
Event: 287.315 Thread 0x000000cae968fff0 Exception <a 'sun/net/ConnectionResetException'{0x00000000a796cb48}: Connection reset> (0x00000000a796cb48) 
thrown [s\open\src\hotspot\share\prims\jni.cpp, line 536]
Event: 287.320 Thread 0x000000cae968f550 Exception <a 'sun/net/ConnectionResetException'{0x00000000a78353e0}: Connection reset> (0x00000000a78353e0) 
thrown [s\open\src\hotspot\share\prims\jni.cpp, line 536]

VM Operations (20 events):
Event: 226.822 Executing VM operation: HandshakeAllThreads
Event: 226.822 Executing VM operation: HandshakeAllThreads done
Event: 227.822 Executing VM operation: Cleanup
Event: 227.822 Executing VM operation: Cleanup done
Event: 228.823 Executing VM operation: Cleanup
Event: 228.823 Executing VM operation: Cleanup done
Event: 229.823 Executing VM operation: Cleanup
Event: 229.823 Executing VM operation: Cleanup done
Event: 278.851 Executing VM operation: Cleanup
Event: 278.851 Executing VM operation: Cleanup done
Event: 280.969 Executing VM operation: G1CollectForAllocation
Event: 280.976 Executing VM operation: G1CollectForAllocation done
Event: 282.977 Executing VM operation: Cleanup
Event: 282.977 Executing VM operation: Cleanup done
Event: 283.977 Executing VM operation: Cleanup
Event: 283.977 Executing VM operation: Cleanup done
Event: 285.978 Executing VM operation: Cleanup
Event: 285.979 Executing VM operation: Cleanup done
Event: 286.979 Executing VM operation: Cleanup
Event: 286.979 Executing VM operation: Cleanup done

Events (20 events):
Event: 89.131 Thread 0x000000cae069b060 flushing nmethod 0x000000cacc628990
Event: 89.132 Thread 0x000000cae069b060 flushing nmethod 0x000000cacc6acd10
Event: 89.132 Thread 0x000000cae069b060 flushing nmethod 0x000000cacc753390
Event: 89.132 Thread 0x000000cae069b060 flushing nmethod 0x000000cacc7b5c10
Event: 89.133 Thread 0x000000cae069b060 flushing nmethod 0x000000cacc7d8110
Event: 89.133 Thread 0x000000cae069b060 flushing nmethod 0x000000cacc7e6410
Event: 89.133 Thread 0x000000cae069b060 flushing nmethod 0x000000cacc83d310
Event: 89.133 Thread 0x000000cae069b060 flushing nmethod 0x000000cacc86dd90
Event: 89.133 Thread 0x000000cae069b060 flushing nmethod 0x000000cacc86f110
Event: 120.145 Thread 0x000000cae9692a70 Thread exited: 0x000000cae9692a70
Event: 215.861 Thread 0x000000cae06d1540 Thread added: 0x000000cae06d1540
Event: 219.478 Thread 0x000000cae06d1540 Thread exited: 0x000000cae06d1540
Event: 222.922 Thread 0x000000cae06d1540 Thread added: 0x000000cae06d1540
Event: 223.951 Thread 0x000000cae06d1540 Thread exited: 0x000000cae06d1540
Event: 225.961 Thread 0x000000cae06d1540 Thread added: 0x000000cae06d1540
Event: 226.214 Thread 0x000000cae06d1540 Thread exited: 0x000000cae06d1540
Event: 226.783 Thread 0x000000cae06d1540 Thread added: 0x000000cae06d1540
Event: 226.838 Thread 0x000000cae069b060 flushing nmethod 0x000000cacc04d890
Event: 226.840 Thread 0x000000cae069b060 flushing nmethod 0x000000cacc356910
Event: 233.442 Thread 0x000000cae06d1540 Thread exited: 0x000000cae06d1540


Dynamic libraries:
0x00007ff7af590000 - 0x00007ff7af5a0000 	C:\Program Files\Java\jdk-19\bin\java.exe
0x00007ff9563d0000 - 0x00007ff95657d000 	C:\Windows\SYSTEM32\ntdll.dll
0x00007ff953a50000 - 0x00007ff953b8f000 	C:\Windows\system32\KERNEL32.DLL
0x00007ff9535f0000 - 0x00007ff953704000 	C:\Windows\system32\KERNELBASE.dll
0x00007ff94ef60000 - 0x00007ff94ef78000 	C:\Program Files\Java\jdk-19\bin\jli.dll
0x00007ff94ef40000 - 0x00007ff94ef5b000 	C:\Program Files\Java\jdk-19\bin\VCRUNTIME140.dll
0x00007ff94f880000 - 0x00007ff94f884000 	C:\Program Files\Java\jdk-19\bin\api-ms-win-crt-stdio-l1-1-0.dll
0x00007ff94f860000 - 0x00007ff94f864000 	C:\Program Files\Java\jdk-19\bin\api-ms-win-crt-runtime-l1-1-0.dll
0x00007ff94ef30000 - 0x00007ff94ef33000 	C:\Program Files\Java\jdk-19\bin\api-ms-win-crt-environment-l1-1-0.dll
0x00007ff94ef20000 - 0x00007ff94ef25000 	C:\Program Files\Java\jdk-19\bin\api-ms-win-crt-math-l1-1-0.dll
0x00007ff94ecf0000 - 0x00007ff94ecf3000 	C:\Program Files\Java\jdk-19\bin\api-ms-win-crt-locale-l1-1-0.dll
0x00007ff94cb20000 - 0x00007ff94cb23000 	C:\Program Files\Java\jdk-19\bin\api-ms-win-crt-heap-l1-1-0.dll
0x00007ff9562e0000 - 0x00007ff95638d000 	C:\Windows\system32\ADVAPI32.dll
0x00007ff950ec0000 - 0x00007ff95113b000 	C:\Windows\WinSxS\amd64_microsoft.windows.common-controls_6595b64144ccf1df_6.0.9600.19394_none_62486577ecb635cf\COMCTL32.dll
0x00007ff9560a0000 - 0x00007ff956217000 	C:\Windows\system32\USER32.dll
0x00007ff94c4d0000 - 0x00007ff94c4da000 	C:\Windows\SYSTEM32\VERSION.dll
0x00007ff94cb10000 - 0x00007ff94cb13000 	C:\Program Files\Java\jdk-19\bin\api-ms-win-crt-filesystem-l1-1-0.dll
0x00007ff94a420000 - 0x00007ff94a424000 	C:\Program Files\Java\jdk-19\bin\api-ms-win-crt-string-l1-1-0.dll
0x00007ff94a400000 - 0x00007ff94a404000 	C:\Program Files\Java\jdk-19\bin\api-ms-win-crt-convert-l1-1-0.dll
0x00007ff954a50000 - 0x00007ff954afa000 	C:\Windows\system32\msvcrt.dll
0x00007ff953e50000 - 0x00007ff953eab000 	C:\Windows\SYSTEM32\sechost.dll
0x00007ff954030000 - 0x00007ff954165000 	C:\Windows\system32\RPCRT4.dll
0x00007ff9548f0000 - 0x00007ff954a3f000 	C:\Windows\system32\GDI32.dll
0x00007ff948c70000 - 0x00007ff948d70000 	C:\Program Files\Java\jdk-19\bin\ucrtbase.DLL
0x00007ff9539d0000 - 0x00007ff9539fe000 	C:\Windows\system32\SspiCli.dll
0x00007ff956390000 - 0x00007ff9563c6000 	C:\Windows\system32\IMM32.DLL
0x00007ff953ed0000 - 0x00007ff954021000 	C:\Windows\system32\MSCTF.dll
0x00007ff94a3f0000 - 0x00007ff94a3fc000 	C:\Program Files\Java\jdk-19\bin\vcruntime140_1.dll
0x00007ff948480000 - 0x00007ff94850e000 	C:\Program Files\Java\jdk-19\bin\msvcp140.dll
0x00007ff948dc0000 - 0x00007ff948dc3000 	C:\Program Files\Java\jdk-19\bin\api-ms-win-crt-time-l1-1-0.dll
0x00007ff948da0000 - 0x00007ff948da3000 	C:\Program Files\Java\jdk-19\bin\api-ms-win-crt-utility-l1-1-0.dll
0x00007ff93c0c0000 - 0x00007ff93cd80000 	C:\Program Files\Java\jdk-19\bin\server\jvm.dll
0x00007ff94ede0000 - 0x00007ff94ede9000 	C:\Windows\SYSTEM32\WSOCK32.dll
0x00007ff9465a0000 - 0x00007ff9465c2000 	C:\Windows\SYSTEM32\WINMM.dll
0x00007ff953c50000 - 0x00007ff953caa000 	C:\Windows\system32\WS2_32.dll
0x00007ff946570000 - 0x00007ff94659a000 	C:\Windows\SYSTEM32\WINMMBASE.dll
0x00007ff956090000 - 0x00007ff956099000 	C:\Windows\system32\NSI.dll
0x00007ff953a00000 - 0x00007ff953a4f000 	C:\Windows\SYSTEM32\cfgmgr32.dll
0x00007ff952290000 - 0x00007ff9522b8000 	C:\Windows\SYSTEM32\DEVOBJ.dll
0x00007ff948d90000 - 0x00007ff948d9a000 	C:\Program Files\Java\jdk-19\bin\jimage.dll
0x00007ff94a850000 - 0x00007ff94a9da000 	C:\Windows\SYSTEM32\DBGHELP.DLL
0x00007ff948bc0000 - 0x00007ff948bce000 	C:\Program Files\Java\jdk-19\bin\instrument.dll
0x00007ff9482a0000 - 0x00007ff9482c6000 	C:\Program Files\Java\jdk-19\bin\java.dll
0x00007ff948120000 - 0x00007ff9481f7000 	C:\Program Files\Java\jdk-19\bin\jsvml.dll
0x00007ff954b60000 - 0x00007ff95608f000 	C:\Windows\system32\SHELL32.dll
0x00007ff954420000 - 0x00007ff954632000 	C:\Windows\SYSTEM32\combase.dll
0x00007ff954b00000 - 0x00007ff954b54000 	C:\Windows\system32\SHLWAPI.dll
0x00007ff951860000 - 0x00007ff951912000 	C:\Windows\SYSTEM32\SHCORE.dll
0x00007ff953470000 - 0x00007ff953485000 	C:\Windows\SYSTEM32\profapi.dll
0x00007ff948240000 - 0x00007ff948258000 	C:\Program Files\Java\jdk-19\bin\zip.dll
0x00007ff948280000 - 0x00007ff948293000 	C:\Program Files\Java\jdk-19\bin\net.dll
0x00007ff949fb0000 - 0x00007ff94a079000 	C:\Windows\SYSTEM32\WINHTTP.dll
0x00007ff952cb0000 - 0x00007ff952d09000 	C:\Windows\system32\mswsock.dll
0x00007ff948260000 - 0x00007ff948276000 	C:\Program Files\Java\jdk-19\bin\nio.dll
0x00007ff948100000 - 0x00007ff94811a000 	C:\Users\eric\Documents\IntelliJ IDEA Community Edition 2023.1.2\bin\breakgen64.dll
0x00007ff948c50000 - 0x00007ff948c58000 	C:\Program Files\Java\jdk-19\bin\extnet.dll
0x00007ff948690000 - 0x00007ff94869a000 	C:\Program Files\Java\jdk-19\bin\management.dll
0x00007ff9480f0000 - 0x00007ff9480fb000 	C:\Program Files\Java\jdk-19\bin\management_ext.dll
0x00007ff954a40000 - 0x00007ff954a47000 	C:\Windows\system32\PSAPI.DLL
0x00007ff952d10000 - 0x00007ff952d30000 	C:\Windows\SYSTEM32\CRYPTSP.dll
0x00007ff952930000 - 0x00007ff952966000 	C:\Windows\system32\rsaenh.dll
0x00007ff952fb0000 - 0x00007ff952fd6000 	C:\Windows\SYSTEM32\bcrypt.dll
0x00007ff952a40000 - 0x00007ff952a61000 	C:\Windows\SYSTEM32\USERENV.dll
0x00007ff9532d0000 - 0x00007ff953333000 	C:\Windows\system32\bcryptprimitives.dll
0x00007ff953340000 - 0x00007ff95334b000 	C:\Windows\SYSTEM32\CRYPTBASE.dll
0x00007ff94e8d0000 - 0x00007ff94e8fa000 	C:\Windows\SYSTEM32\IPHLPAPI.DLL
0x00007ff94e8b0000 - 0x00007ff94e8ba000 	C:\Windows\SYSTEM32\WINNSI.DLL
0x00007ff94e400000 - 0x00007ff94e416000 	C:\Windows\SYSTEM32\dhcpcsvc6.DLL
0x00007ff94e5c0000 - 0x00007ff94e5da000 	C:\Windows\SYSTEM32\dhcpcsvc.DLL
0x00007ff9480e0000 - 0x00007ff9480ee000 	C:\Program Files\Java\jdk-19\bin\sunmscapi.dll
0x00007ff953710000 - 0x00007ff953967000 	C:\Windows\system32\CRYPT32.dll
0x00007ff952f80000 - 0x00007ff952fa5000 	C:\Windows\SYSTEM32\ncrypt.dll
0x00007ff953520000 - 0x00007ff953531000 	C:\Windows\system32\MSASN1.dll
0x00007ff952f40000 - 0x00007ff952f77000 	C:\Windows\SYSTEM32\NTASN1.dll
0x00007ff948b00000 - 0x00007ff948b10000 	C:\Program Files\Java\jdk-19\bin\verify.dll

dbghelp: loaded successfully - version: 4.0.5 - missing functions: none
symbol engine: initialized successfully - sym options: 0x614 - pdb path: .;C:\Program Files\Java\jdk-19\bin;C:\Windows\SYSTEM32;C:\Windows\WinSxS\amd64_microsoft.windows.common-controls_6595b64144ccf1df_6.0.9600.19394_none_62486577ecb635cf;C:\Program Files\Java\jdk-19\bin\server;C:\Users\eric\Documents\IntelliJ IDEA Community Edition 2023.1.2\bin

VM Arguments:
jvm_args: -javaagent:C:\Users\eric\Documents\IntelliJ IDEA Community Edition 2023.1.2\lib\idea_rt.jar=63521:C:\Users\eric\Documents\IntelliJ IDEA Community Edition 2023.1.2\bin -Dfile.encoding=UTF-8 -Dsun.stdout.encoding=UTF-8 -Dsun.stderr.encoding=UTF-8 
java_command: system.DemoApplication
java_class_path (initial): C:\Users\eric\Documents\NetBeansProjects\sistema_ponto\target\classes;C:\Users\eric\.m2\repository\org\springframework\boot\spring-boot-starter-validation\3.1.0\spring-boot-starter-validation-3.1.0.jar;C:\Users\eric\.m2\repository\org\springframework\boot\spring-boot-starter\3.1.0\spring-boot-starter-3.1.0.jar;C:\Users\eric\.m2\repository\org\springframework\boot\spring-boot-starter-logging\3.1.0\spring-boot-starter-logging-3.1.0.jar;C:\Users\eric\.m2\repository\ch\qos\logback\logback-classic\1.4.7\logback-classic-1.4.7.jar;C:\Users\eric\.m2\repository\ch\qos\logback\logback-core\1.4.7\logback-core-1.4.7.jar;C:\Users\eric\.m2\repository\org\apache\logging\log4j\log4j-to-slf4j\2.20.0\log4j-to-slf4j-2.20.0.jar;C:\Users\eric\.m2\repository\org\apache\logging\log4j\log4j-api\2.20.0\log4j-api-2.20.0.jar;C:\Users\eric\.m2\repository\org\slf4j\jul-to-slf4j\2.0.7\jul-to-slf4j-2.0.7.jar;C:\Users\eric\.m2\repository\jakarta\annotation\jakarta.annotation-api\2.1.1\jakarta.annotation-api-2.1.1.jar;C:\Users\eric\.m2\repository\org\yaml\snakeyaml\1.33\snakeyaml-1.33.jar;C:\Users\eric\.m2\repository\org\apache\tomcat\embed\tomcat-embed-el\10.1.8\tomcat-embed-el-10.1.8.jar;C:\Users\eric\.m2\repository\org\hibernate\validator\hibernate-validator\8.0.0.Final\hibernate-validator-8.0.0.Final.jar;C:\Users\eric\.m2\repository\jakarta\validation\jakarta.validation-api\3.0.2\jakarta.validation-api-3.0.2.jar;C:\Users\eric\.m2\repository\org\jboss\logging\jboss-logging\3.5.0.Final\jboss-logging-3.5.0.Final.jar;C:\Users\eric\.m2\repository\com\fasterxml\classmate\1.5.1\classmate-1.5.1.jar;C:\Users\eric\.m2\repository\org\springframework\boot\spring-boot-starter-web\3.1.0\spring-boot-starter-web-3.1.0.jar;C:\Users\eric\.m2\repository\org\springframework\boot\spring-boot-starter-json\3.1.0\spring-boot-starter-json-3.1.0.jar;C:\Users\eric\.m2\repository\com\fasterxml\jackson\core\jackson-databind\2.15.0\jackson-databind-2.15.0.jar;C:\Users\eric\.m2\repository\com\fasterxml\jackson\core\jackson-annotations\2.15.0\jackson-annotations-2.15.0.jar;C:\Users\eric\.m2\repository\com\fasterxml\jackson\core\jackson-core\2.15.0\jackson-core-2.15.0.jar;C:\Users\eric\.m2\repository\com\fasterxml\jackson\datatype\jackson-datatype-jdk8\2.15.0\jackson-datatype-jdk8-2.15.0.jar;C:\Users\eric\.m2\repository\com\fasterxml\jackson\datatype\jackson-datatype-jsr310\2.15.0\jackson-datatype-jsr310-2.15.0.jar;C:\Users\eric\.m2\repository\com\fasterxml\jackson\module\jackson-module-parameter-names\2.15.0\jackson-module-parameter-names-2.15.0.jar;C:\Users\eric\.m2\repository\org\springframework\boot\spring-boot-starter-tomcat\3.1.0\spring-boot-starter-tomcat-3.1.0.jar;C:\Users\eric\.m2\repository\org\apache\tomcat\embed\tomcat-embed-core\10.1.8\tomcat-embed-core-10.1.8.jar;C:\Users\eric\.m2\repository\org\apache\tomcat\embed\tomcat-embed-websocket\10.1.8\tomcat-embed-websocket-10.1.8.jar;C:\Users\eric\.m2\repository\org\springframework\spring-web\6.0.9\spring-web-6.0.9.jar;C:\Users\eric\.m2\repository\org\springframework\spring-beans\6.0.9\spring-beans-6.0.9.jar;C:\Users\eric\.m2\repository\io\micrometer\micrometer-observation\1.11.0\micrometer-observation-1.11.0.jar;C:\Users\eric\.m2\repository\io\micrometer\micrometer-commons\1.11.0\micrometer-commons-1.11.0.jar;C:\Users\eric\.m2\repository\org\springframework\spring-webmvc\6.0.9\spring-webmvc-6.0.9.jar;C:\Users\eric\.m2\repository\org\springframework\spring-aop\6.0.9\spring-aop-6.0.9.jar;C:\Users\eric\.m2\repository\org\springframework\spring-context\6.0.9\spring-context-6.0.9.jar;C:\Users\eric\.m2\repository\org\springframework\spring-expression\6.0.9\spring-expression-6.0.9.jar;C:\Users\eric\.m2\repository\org\springframework\boot\spring-boot-devtools\3.1.0\spring-boot-devtools-3.1.0.jar;C:\Users\eric\.m2\repository\org\springframework\boot\spring-boot\3.1.0\spring-boot-3.1.0.jar;C:\Users\eric\.m2\repository\org\springframework\boot\spring-boot-autoconfigure\3.1.0\spring-boot-autoconfigure-3.1.0.jar;C:\Users\eric\.m2\repository\org\projectlombok\lombok\1.18.26\lombok-1.18.26.jar;C:\Users\eric\.m2\repository\org\slf4j\slf4j-api\2.0.7\slf4j-api-2.0.7.jar;C:\Users\eric\.m2\repository\jakarta\xml\bind\jakarta.xml.bind-api\4.0.0\jakarta.xml.bind-api-4.0.0.jar;C:\Users\eric\.m2\repository\jakarta\activation\jakarta.activation-api\2.1.2\jakarta.activation-api-2.1.2.jar;C:\Users\eric\.m2\repository\net\bytebuddy\byte-buddy\1.14.4\byte-buddy-1.14.4.jar;C:\Users\eric\.m2\repository\org\springframework\spring-core\6.0.9\spring-core-6.0.9.jar;C:\Users\eric\.m2\repository\org\springframework\spring-jcl\6.0.9\spring-jcl-6.0.9.jar;C:\Users\eric\.m2\repository\com\mysql\mysql-connector-j\8.0.33\mysql-connector-j-8.0.33.jar;C:\Users\eric\.m2\repository\com\h2database\h2\2.1.214\h2-2.1.214.jar;C:\Users\eric\.m2\repository\org\springframework\boot\spring-boot-starter-data-jpa\3.1.0\spring-boot-starter-data-jpa-3.1.0.jar;C:\Users\eric\.m2\repository\org\springframework\boot\spring-boot-starter-aop\3.1.0\spring-boot-starter-aop-3.1.0.jar;C:\Users\eric\.m2\repository\org\aspectj\aspectjweaver\1.9.19\aspectjweaver-1.9.19.jar;C:\Users\eric\.m2\repository\org\springframework\boot\spring-boot-starter-jdbc\3.1.0\spring-boot-starter-jdbc-3.1.0.jar;C:\Users\eric\.m2\repository\com\zaxxer\HikariCP\5.0.1\HikariCP-5.0.1.jar;C:\Users\eric\.m2\repository\org\springframework\spring-jdbc\6.0.9\spring-jdbc-6.0.9.jar;C:\Users\eric\.m2\repository\org\hibernate\orm\hibernate-core\6.2.2.Final\hibernate-core-6.2.2.Final.jar;C:\Users\eric\.m2\repository\jakarta\persistence\jakarta.persistence-api\3.1.0\jakarta.persistence-api-3.1.0.jar;C:\Users\eric\.m2\repository\org\hibernate\common\hibernate-commons-annotations\6.0.6.Final\hibernate-commons-annotations-6.0.6.Final.jar;C:\Users\eric\.m2\repository\io\smallrye\jandex\3.0.5\jandex-3.0.5.jar;C:\Users\eric\.m2\repository\org\glassfish\jaxb\jaxb-runtime\4.0.2\jaxb-runtime-4.0.2.jar;C:\Users\eric\.m2\repository\org\glassfish\jaxb\jaxb-core\4.0.2\jaxb-core-4.0.2.jar;C:\Users\eric\.m2\repository\org\glassfish\jaxb\txw2\4.0.2\txw2-4.0.2.jar;C:\Users\eric\.m2\repository\com\sun\istack\istack-commons-runtime\4.1.1\istack-commons-runtime-4.1.1.jar;C:\Users\eric\.m2\repository\jakarta\inject\jakarta.inject-api\2.0.1\jakarta.inject-api-2.0.1.jar;C:\Users\eric\.m2\repository\org\antlr\antlr4-runtime\4.10.1\antlr4-runtime-4.10.1.jar;C:\Users\eric\.m2\repository\org\springframework\data\spring-data-jpa\3.1.0\spring-data-jpa-3.1.0.jar;C:\Users\eric\.m2\repository\org\springframework\data\spring-data-commons\3.1.0\spring-data-commons-3.1.0.jar;C:\Users\eric\.m2\repository\org\springframework\spring-orm\6.0.9\spring-orm-6.0.9.jar;C:\Users\eric\.m2\repository\org\springframework\spring-tx\6.0.9\spring-tx-6.0.9.jar;C:\Users\eric\.m2\repository\org\springframework\spring-aspects\6.0.9\spring-aspects-6.0.9.jar;C:\Users\eric\.m2\repository\org\springframework\boot\spring-boot-starter-mail\3.1.0\spring-boot-starter-mail-3.1.0.jar;C:\Users\eric\.m2\repository\org\springframework\spring-context-support\6.0.9\spring-context-support-6.0.9.jar;C:\Users\eric\.m2\repository\org\eclipse\angus\jakarta.mail\1.1.0\jakarta.mail-1.1.0.jar;C:\Users\eric\.m2\repository\org\eclipse\angus\angus-activation\2.0.0\angus-activation-2.0.0.jar;C:\Users\eric\.m2\repository\org\eclipse\persistence\org.eclipse.persistence.core\2.7.10\org.eclipse.persistence.core-2.7.10.jar;C:\Users\eric\.m2\repository\org\eclipse\persistence\org.eclipse.persistence.asm\9.2.0\org.eclipse.persistence.asm-9.2.0.jar;C:\Users\eric\.m2\repository\org\eclipse\persistence\org.eclipse.persistence.antlr\2.7.10\org.eclipse.persistence.antlr-2.7.10.jar;C:\Users\eric\.m2\repository\org\eclipse\persistence\org.eclipse.persistence.jpa\2.7.10\org.eclipse.persistence.jpa-2.7.10.jar;C:\Users\eric\.m2\repository\org\eclipse\persistence\org.eclipse.persistence.jpa.jpql\2.7.10\org.eclipse.persistence.jpa.jpql-2.7.10.jar;C:\Users\eric\.m2\repository\org\eclipse\persistence\org.eclipse.persistence.moxy\2.7.10\org.eclipse.persistence.moxy-2.7.10.jar;C:\Users\eric\.m2\repository\org\eclipse\persistence\jakarta.persistence\2.2.3\jakarta.persistence-2.2.3.jar;C:\Users\eric\.m2\repository\jakarta\transaction\jakarta.transaction-api\2.0.1\jakarta.transaction-api-2.0.1.jar;C:\Users\eric\.m2\repository\org\springframework\boot\spring-boot-starter-cache\3.1.0\spring-boot-starter-cache-3.1.0.jar;C:\Users\eric\.m2\repository\com\github\ben-manes\caffeine\caffeine\3.1.5\caffeine-3.1.5.jar;C:\Users\eric\.m2\repository\org\checkerframework\checker-qual\3.32.0\checker-qual-3.32.0.jar;C:\Users\eric\.m2\repository\com\google\errorprone\error_prone_annotations\2.18.0\error_prone_annotations-2.18.0.jar
Launcher Type: SUN_STANDARD

[Global flags]
     intx CICompilerCount                          = 3                                         {product} {ergonomic}
     uint ConcGCThreads                            = 1                                         {product} {ergonomic}
     uint G1ConcRefinementThreads                  = 4                                         {product} {ergonomic}
   size_t G1HeapRegionSize                         = 1048576                                   {product} {ergonomic}
    uintx GCDrainStackTargetSize                   = 64                                        {product} {ergonomic}
   size_t InitialHeapSize                          = 98566144                                  {product} {ergonomic}
   size_t MarkStackSize                            = 4194304                                   {product} {ergonomic}
   size_t MaxHeapSize                              = 1562378240                                {product} {ergonomic}
   size_t MaxNewSize                               = 937426944                                 {product} {ergonomic}
   size_t MinHeapDeltaBytes                        = 1048576                                   {product} {ergonomic}
   size_t MinHeapSize                              = 8388608                                   {product} {ergonomic}
    uintx NonNMethodCodeHeapSize                   = 5832780                                {pd product} {ergonomic}
    uintx NonProfiledCodeHeapSize                  = 122912730                              {pd product} {ergonomic}
    uintx ProfiledCodeHeapSize                     = 122912730                              {pd product} {ergonomic}
    uintx ReservedCodeCacheSize                    = 251658240                              {pd product} {ergonomic}
     bool SegmentedCodeCache                       = true                                      {product} {ergonomic}
   size_t SoftMaxHeapSize                          = 1562378240                             {manageable} {ergonomic}
     bool UseCompressedClassPointers               = true                           {product lp64_product} {ergonomic}
     bool UseCompressedOops                        = true                           {product lp64_product} {ergonomic}
     bool UseG1GC                                  = true                                      {product} {ergonomic}
     bool UseLargePagesIndividualAllocation        = false                                  {pd product} {ergonomic}

Logging:
Log output configuration:
 #0: stdout all=warning uptime,level,tags foldmultilines=false
 #1: stderr all=off uptime,level,tags foldmultilines=false

Environment Variables:
PATH=C:\Users\eric\Documents\oracleDB\bin;C:\Users\eric\Downloads\WINDOWS.X64_193000_db_home\bin;C:\Program Files\Common Files\Oracle\Java\javapath;C:\Program Files (x86)\Common Files\Oracle\Java\javapath;C:\Windows\system32;C:\Windows;C:\Windows\System32\Wbem;C:\Windows\System32\WindowsPowerShell\v1.0\;C:\Program Files\nodejs\;C:\Program Files\Git\cmd;C:\Program Files\MySQL\MySQL Shell 8.0\bin\;C:\Users\eric\AppData\Local\Programs\Microsoft VS Code\bin;C:\Users\eric\Documents\IntelliJ IDEA Community Edition 2023.1.2\bin;;C:\Users\eric\AppData\Roaming\npm
USERNAME=eric
OS=Windows_NT
PROCESSOR_IDENTIFIER=Intel64 Family 6 Model 42 Stepping 7, GenuineIntel
TMP=C:\Users\eric\AppData\Local\Temp
TEMP=C:\Users\eric\AppData\Local\Temp



---------------  S Y S T E M  ---------------

OS:
 Windows 8.1 , 64 bit Build 9600 (6.3.9600.20778)
OS uptime: 1 days 11:28 hours

CPU: total 4 (initial active 4) (2 cores per cpu, 2 threads per core) family 6 model 42 stepping 7 microcode 0x28, cx8, cmov, fxsr, ht, mmx, sse, sse2, sse3, ssse3, sse4.1, sse4.2, popcnt, tsc, tscinvbit, avx, clmul, vzeroupper, clflush, rdtscp

Memory: 4k page, system-wide physical 5957M (926M free)
TotalPageFile size 12101M (AvailPageFile size 5M)
current process WorkingSet (physical memory assigned to process): 332M, peak: 335M
current process commit charge ("private bytes"): 366M, peak: 371M

vm_info: Java HotSpot(TM) 64-Bit Server VM (19.0.2+7-44) for windows-amd64 JRE (19.0.2+7-44), built on 2022-11-30T18:02:09Z by "mach5one" with MS VC++ 17.1 (VS2022)

END.
